<?xml version="1.0" encoding="UTF-8"?>
<!-- Generated by org.testng.reporters.JUnitReportReporter -->
<testsuite hostname="srilakshmis-MacBook-Air.local" failures="0" tests="1" name="com.Maven.TestNg.Test" time="12.215" errors="0" timestamp="2022-03-03T08:15:38 IST" skipped="0">
  <testcase classname="com.Maven.TestNg.Test" name="faceBook" time="12.215"/>
  <system-out/>
</testsuite> <!-- com.Maven.TestNg.Test -->
