<?xml version="1.0" encoding="UTF-8"?>
<!-- Generated by org.testng.reporters.JUnitReportReporter -->
<testsuite hostname="srilakshmis-MacBook-Air.local" failures="0" tests="2" name="com.Maven.TestNg.Parameter" time="25.405" errors="0" timestamp="2022-02-20T11:40:41 IST" skipped="0">
  <testcase classname="com.Maven.TestNg.Parameter" name="amazon" time="7.661"/>
  <system-out/>
  <testcase classname="com.Maven.TestNg.Parameter" name="demoBlaze" time="17.744"/>
  <system-out/>
</testsuite> <!-- com.Maven.TestNg.Parameter -->
