<?xml version="1.0" encoding="UTF-8"?>
<!-- Generated by org.testng.reporters.JUnitReportReporter -->
<testsuite hostname="srilakshmis-MacBook-Air.local" failures="0" tests="3" name="com.Maven.TestNg.PRact" time="31.474" errors="0" timestamp="2022-03-14T09:40:18 IST" skipped="0">
  <testcase classname="com.Maven.TestNg.PRact" name="xone2" time="6.642"/>
  <system-out/>
  <testcase classname="com.Maven.TestNg.PRact" name="zZ" time="11.036"/>
  <system-out/>
  <testcase classname="com.Maven.TestNg.PRact" name="fB" time="13.796"/>
  <system-out/>
</testsuite> <!-- com.Maven.TestNg.PRact -->
